<?xml version="1.0" encoding="UTF-8"?>
<testng-results skipped="0" failed="0" ignored="0" total="1" passed="1">
  <reporter-output>
  </reporter-output>
  <suite name="Default suite" duration-ms="15122" started-at="2019-07-23T09:02:07Z" finished-at="2019-07-23T09:02:22Z">
    <groups>
    </groups>
    <test name="Default test" duration-ms="15122" started-at="2019-07-23T09:02:07Z" finished-at="2019-07-23T09:02:22Z">
      <class name="com.geet.org.pune.MavenProject.Tracko">
        <test-method status="PASS" signature="beforeTest()[pri:0, instance:com.geet.org.pune.MavenProject.Tracko@3bfdc050]" name="beforeTest" is-config="true" duration-ms="12551" started-at="2019-07-23T14:32:07Z" finished-at="2019-07-23T14:32:19Z">
          <reporter-output>
          </reporter-output>
        </test-method> <!-- beforeTest -->
        <test-method status="PASS" signature="Login()[pri:0, instance:com.geet.org.pune.MavenProject.Tracko@3bfdc050]" name="Login" duration-ms="1788" started-at="2019-07-23T14:32:19Z" finished-at="2019-07-23T14:32:21Z">
          <reporter-output>
          </reporter-output>
        </test-method> <!-- Login -->
        <test-method status="PASS" signature="afterTest()[pri:0, instance:com.geet.org.pune.MavenProject.Tracko@3bfdc050]" name="afterTest" is-config="true" duration-ms="762" started-at="2019-07-23T14:32:21Z" finished-at="2019-07-23T14:32:22Z">
          <reporter-output>
          </reporter-output>
        </test-method> <!-- afterTest -->
      </class> <!-- com.geet.org.pune.MavenProject.Tracko -->
    </test> <!-- Default test -->
  </suite> <!-- Default suite -->
</testng-results>
